<?xml version="1.0" encoding="UTF-8"?>
<testsuite xmlns:xsi="http://www.w3.org/2001/XMLSchema-instance" xsi:noNamespaceSchemaLocation="https://maven.apache.org/surefire/maven-surefire-plugin/xsd/surefire-test-report.xsd" name="com.cdio2.GameTest" time="0.094" tests="29" errors="0" skipped="0" failures="0">
  <properties>
[...]
</properties>
  <testcase name="testAddGold{int, int}[1]" classname="com.cdio2.GameTest" time="0.023"/>
  <testcase name="testAddGold{int, int}[2]" classname="com.cdio2.GameTest" time="0"/>
  <testcase name="testAddGold{int, int}[3]" classname="com.cdio2.GameTest" time="0.001"/>
  <testcase name="testAddGold{int, int}[4]" classname="com.cdio2.GameTest" time="0.001"/>
  <testcase name="testAddGold{int, int}[5]" classname="com.cdio2.GameTest" time="0.001"/>
  <testcase name="testAddGold{int, int}[6]" classname="com.cdio2.GameTest" time="0"/>
  <testcase name="testAddGold{int, int}[7]" classname="com.cdio2.GameTest" time="0"/>
  <testcase name="testAddGold{int, int}[8]" classname="com.cdio2.GameTest" time="0"/>
  <testcase name="testAddGold{int, int}[9]" classname="com.cdio2.GameTest" time="0.001"/>
  <testcase name="testAddGold{int, int}[10]" classname="com.cdio2.GameTest" time="0.001"/>
  <testcase name="testAddGold{int, int}[11]" classname="com.cdio2.GameTest" time="0"/>
  <testcase name="testAddGold{int, int}[12]" classname="com.cdio2.GameTest" time="0"/>
  <testcase name="testWinConditionPlayer1" classname="com.cdio2.GameTest" time="0.001"/>
  <testcase name="testWinConditionPlayer2" classname="com.cdio2.GameTest" time="0"/>
  <testcase name="testSendMessage{int, String}[1]" classname="com.cdio2.GameTest" time="0.005"/>
  <testcase name="testSendMessage{int, String}[2]" classname="com.cdio2.GameTest" time="0.001"/>
  <testcase name="testSendMessage{int, String}[3]" classname="com.cdio2.GameTest" time="0.001"/>
  <testcase name="testSendMessage{int, String}[4]" classname="com.cdio2.GameTest" time="0.001"/>
  <testcase name="testSendMessage{int, String}[5]" classname="com.cdio2.GameTest" time="0.001"/>
  <testcase name="testSendMessage{int, String}[6]" classname="com.cdio2.GameTest" time="0"/>
  <testcase name="testSendMessage{int, String}[7]" classname="com.cdio2.GameTest" time="0.001"/>
  <testcase name="testSendMessage{int, String}[8]" classname="com.cdio2.GameTest" time="0.001"/>
  <testcase name="testSendMessage{int, String}[9]" classname="com.cdio2.GameTest" time="0.001"/>
  <testcase name="testSendMessage{int, String}[10]" classname="com.cdio2.GameTest" time="0"/>
  <testcase name="testSendMessage{int, String}[11]" classname="com.cdio2.GameTest" time="0.001"/>
  <testcase name="testSendMessage{int, String}[12]" classname="com.cdio2.GameTest" time="0"/>
  <testcase name="testGoldBalanceNeverNegative" classname="com.cdio2.GameTest" time="0"/>
  <testcase name="testGoldAdditionFromDiceRoll" classname="com.cdio2.GameTest" time="0"/>
  <testcase name="testDiceRollTotalTenTriggersExtraTurn" classname="com.cdio2.GameTest" time="0.003"/>
</testsuite>