<?xml version="1.0" encoding="UTF-8"?>
<testsuite xmlns:xsi="http://www.w3.org/2001/XMLSchema-instance" xsi:noNamespaceSchemaLocation="https://maven.apache.org/surefire/maven-surefire-plugin/xsd/surefire-test-report.xsd" name="com.cdio2.GameTest" time="0.086" tests="5" errors="0" skipped="0" failures="0">
  <properties>
[...]
</properties>
  <testcase name="testWinConditionPlayer1" classname="com.cdio2.GameTest" time="0.051"/>
  <testcase name="testWinConditionPlayer2" classname="com.cdio2.GameTest" time="0.001"/>
  <testcase name="testGoldBalanceNeverNegative" classname="com.cdio2.GameTest" time="0.001"/>
  <testcase name="testGoldAdditionFromDiceRoll" classname="com.cdio2.GameTest" time="0.006"/>
  <testcase name="testDiceRollTotalTenTriggersExtraTurn" classname="com.cdio2.GameTest" time="0.006"/>
</testsuite>